<?xml version="1.0" encoding="UTF-8"?>
<coverage generated="1772577932150" clover="3.2.0">
  <project timestamp="1772577932150" name="All files">
    <metrics statements="48" coveredstatements="41" conditionals="8" coveredconditionals="5" methods="17" coveredmethods="14" elements="73" coveredelements="60" complexity="0" loc="48" ncloc="48" packages="1" files="1" classes="1"/>
    <file name="storage.ts" path="C:\Users\Chocoles\Documents\Projetos\test-contato-seguro\src\services\storage.ts">
      <metrics statements="48" coveredstatements="41" conditionals="8" coveredconditionals="5" methods="17" coveredmethods="14"/>
      <line num="13" count="1" type="stmt"/>
      <line num="14" count="1" type="stmt"/>
      <line num="21" count="10" type="stmt"/>
      <line num="29" count="11" type="stmt"/>
      <line num="30" count="11" type="cond" truecount="2" falsecount="0"/>
      <line num="31" count="10" type="stmt"/>
      <line num="36" count="18" type="cond" truecount="1" falsecount="1"/>
      <line num="40" count="18" type="stmt"/>
      <line num="44" count="12" type="stmt"/>
      <line num="51" count="4" type="stmt"/>
      <line num="52" count="4" type="stmt"/>
      <line num="59" count="1" type="stmt"/>
      <line num="60" count="1" type="stmt"/>
      <line num="70" count="6" type="stmt"/>
      <line num="71" count="6" type="stmt"/>
      <line num="76" count="6" type="stmt"/>
      <line num="77" count="6" type="stmt"/>
      <line num="78" count="6" type="stmt"/>
      <line num="88" count="2" type="stmt"/>
      <line num="89" count="2" type="stmt"/>
      <line num="94" count="2" type="stmt"/>
      <line num="95" count="2" type="stmt"/>
      <line num="96" count="2" type="stmt"/>
      <line num="109" count="2" type="stmt"/>
      <line num="110" count="2" type="stmt"/>
      <line num="111" count="2" type="cond" truecount="2" falsecount="0"/>
      <line num="112" count="1" type="stmt"/>
      <line num="113" count="1" type="stmt"/>
      <line num="114" count="1" type="stmt"/>
      <line num="115" count="1" type="stmt"/>
      <line num="128" count="0" type="stmt"/>
      <line num="129" count="0" type="stmt"/>
      <line num="130" count="0" type="cond" truecount="0" falsecount="2"/>
      <line num="131" count="0" type="stmt"/>
      <line num="132" count="0" type="stmt"/>
      <line num="133" count="0" type="stmt"/>
      <line num="134" count="0" type="stmt"/>
      <line num="143" count="2" type="stmt"/>
      <line num="144" count="2" type="stmt"/>
      <line num="145" count="2" type="stmt"/>
      <line num="146" count="2" type="stmt"/>
      <line num="147" count="2" type="stmt"/>
      <line num="156" count="1" type="stmt"/>
      <line num="157" count="1" type="stmt"/>
      <line num="158" count="1" type="stmt"/>
      <line num="159" count="1" type="stmt"/>
      <line num="160" count="1" type="stmt"/>
      <line num="161" count="1" type="stmt"/>
    </file>
  </project>
</coverage>
