{"C:\\Users\\Chocoles\\Documents\\Projetos\\test-contato-seguro\\src\\services\\storage.ts": {"path":"C:\\Users\\Chocoles\\Documents\\Projetos\\test-contato-seguro\\src\\services\\storage.ts","statementMap":{"0":{"start":{"line":13,"column":14},"end":{"line":13,"column":null}},"1":{"start":{"line":14,"column":17},"end":{"line":14,"column":null}},"2":{"start":{"line":21,"column":2},"end":{"line":21,"column":null}},"3":{"start":{"line":29,"column":19},"end":{"line":29,"column":null}},"4":{"start":{"line":30,"column":2},"end":{"line":32,"column":null}},"5":{"start":{"line":31,"column":4},"end":{"line":31,"column":null}},"6":{"start":{"line":36,"column":15},"end":{"line":39,"column":null}},"7":{"start":{"line":40,"column":2},"end":{"line":40,"column":null}},"8":{"start":{"line":44,"column":2},"end":{"line":44,"column":null}},"9":{"start":{"line":51,"column":20},"end":{"line":51,"column":null}},"10":{"start":{"line":52,"column":2},"end":{"line":52,"column":null}},"11":{"start":{"line":59,"column":22},"end":{"line":59,"column":null}},"12":{"start":{"line":60,"column":2},"end":{"line":60,"column":null}},"13":{"start":{"line":70,"column":15},"end":{"line":70,"column":null}},"14":{"start":{"line":71,"column":24},"end":{"line":75,"column":null}},"15":{"start":{"line":76,"column":2},"end":{"line":76,"column":null}},"16":{"start":{"line":77,"column":2},"end":{"line":77,"column":null}},"17":{"start":{"line":78,"column":2},"end":{"line":78,"column":null}},"18":{"start":{"line":88,"column":15},"end":{"line":88,"column":null}},"19":{"start":{"line":89,"column":28},"end":{"line":93,"column":null}},"20":{"start":{"line":94,"column":2},"end":{"line":94,"column":null}},"21":{"start":{"line":95,"column":2},"end":{"line":95,"column":null}},"22":{"start":{"line":96,"column":2},"end":{"line":96,"column":null}},"23":{"start":{"line":109,"column":20},"end":{"line":109,"column":null}},"24":{"start":{"line":110,"column":14},"end":{"line":110,"column":null}},"25":{"start":{"line":110,"column":47},"end":{"line":110,"column":58}},"26":{"start":{"line":111,"column":2},"end":{"line":111,"column":null}},"27":{"start":{"line":111,"column":18},"end":{"line":111,"column":null}},"28":{"start":{"line":112,"column":18},"end":{"line":112,"column":null}},"29":{"start":{"line":113,"column":2},"end":{"line":113,"column":null}},"30":{"start":{"line":114,"column":2},"end":{"line":114,"column":null}},"31":{"start":{"line":115,"column":2},"end":{"line":115,"column":null}},"32":{"start":{"line":128,"column":20},"end":{"line":128,"column":null}},"33":{"start":{"line":129,"column":14},"end":{"line":129,"column":null}},"34":{"start":{"line":129,"column":49},"end":{"line":129,"column":60}},"35":{"start":{"line":130,"column":2},"end":{"line":130,"column":null}},"36":{"start":{"line":130,"column":18},"end":{"line":130,"column":null}},"37":{"start":{"line":131,"column":18},"end":{"line":131,"column":null}},"38":{"start":{"line":132,"column":2},"end":{"line":132,"column":null}},"39":{"start":{"line":133,"column":2},"end":{"line":133,"column":null}},"40":{"start":{"line":134,"column":2},"end":{"line":134,"column":null}},"41":{"start":{"line":143,"column":20},"end":{"line":143,"column":null}},"42":{"start":{"line":144,"column":19},"end":{"line":144,"column":null}},"43":{"start":{"line":145,"column":2},"end":{"line":145,"column":null}},"44":{"start":{"line":145,"column":50},"end":{"line":145,"column":61}},"45":{"start":{"line":146,"column":2},"end":{"line":146,"column":null}},"46":{"start":{"line":147,"column":2},"end":{"line":147,"column":null}},"47":{"start":{"line":156,"column":20},"end":{"line":156,"column":null}},"48":{"start":{"line":157,"column":19},"end":{"line":157,"column":null}},"49":{"start":{"line":158,"column":2},"end":{"line":158,"column":null}},"50":{"start":{"line":158,"column":54},"end":{"line":158,"column":65}},"51":{"start":{"line":159,"column":2},"end":{"line":159,"column":null}},"52":{"start":{"line":159,"column":50},"end":{"line":159,"column":68}},"53":{"start":{"line":160,"column":2},"end":{"line":160,"column":null}},"54":{"start":{"line":161,"column":2},"end":{"line":161,"column":null}}},"fnMap":{"0":{"name":"clearStore","decl":{"start":{"line":20,"column":22},"end":{"line":20,"column":50}},"loc":{"start":{"line":20,"column":50},"end":{"line":22,"column":null}},"line":20},"1":{"name":"initStore","decl":{"start":{"line":28,"column":22},"end":{"line":28,"column":49}},"loc":{"start":{"line":28,"column":49},"end":{"line":33,"column":null}},"line":28},"2":{"name":"getStore","decl":{"start":{"line":35,"column":15},"end":{"line":35,"column":46}},"loc":{"start":{"line":35,"column":46},"end":{"line":41,"column":null}},"line":35},"3":{"name":"saveStore","decl":{"start":{"line":43,"column":15},"end":{"line":43,"column":25}},"loc":{"start":{"line":43,"column":57},"end":{"line":45,"column":null}},"line":43},"4":{"name":"getBooks","decl":{"start":{"line":50,"column":22},"end":{"line":50,"column":50}},"loc":{"start":{"line":50,"column":50},"end":{"line":53,"column":null}},"line":50},"5":{"name":"getAuthors","decl":{"start":{"line":58,"column":22},"end":{"line":58,"column":54}},"loc":{"start":{"line":58,"column":54},"end":{"line":61,"column":null}},"line":58},"6":{"name":"createBook","decl":{"start":{"line":69,"column":22},"end":{"line":69,"column":33}},"loc":{"start":{"line":69,"column":91},"end":{"line":79,"column":null}},"line":69},"7":{"name":"createAuthor","decl":{"start":{"line":87,"column":22},"end":{"line":87,"column":35}},"loc":{"start":{"line":87,"column":99},"end":{"line":97,"column":null}},"line":87},"8":{"name":"updateBook","decl":{"start":{"line":105,"column":22},"end":{"line":105,"column":null}},"loc":{"start":{"line":108,"column":29},"end":{"line":116,"column":null}},"line":108},"9":{"name":"(anonymous_9)","decl":{"start":{"line":110,"column":40},"end":{"line":110,"column":41}},"loc":{"start":{"line":110,"column":47},"end":{"line":110,"column":58}},"line":110},"10":{"name":"updateAuthor","decl":{"start":{"line":124,"column":22},"end":{"line":124,"column":null}},"loc":{"start":{"line":127,"column":31},"end":{"line":135,"column":null}},"line":127},"11":{"name":"(anonymous_11)","decl":{"start":{"line":129,"column":42},"end":{"line":129,"column":43}},"loc":{"start":{"line":129,"column":49},"end":{"line":129,"column":60}},"line":129},"12":{"name":"deleteBook","decl":{"start":{"line":142,"column":22},"end":{"line":142,"column":33}},"loc":{"start":{"line":142,"column":63},"end":{"line":148,"column":null}},"line":142},"13":{"name":"(anonymous_13)","decl":{"start":{"line":145,"column":43},"end":{"line":145,"column":44}},"loc":{"start":{"line":145,"column":50},"end":{"line":145,"column":61}},"line":145},"14":{"name":"deleteAuthor","decl":{"start":{"line":155,"column":22},"end":{"line":155,"column":35}},"loc":{"start":{"line":155,"column":65},"end":{"line":162,"column":null}},"line":155},"15":{"name":"(anonymous_15)","decl":{"start":{"line":158,"column":47},"end":{"line":158,"column":48}},"loc":{"start":{"line":158,"column":54},"end":{"line":158,"column":65}},"line":158},"16":{"name":"(anonymous_16)","decl":{"start":{"line":159,"column":43},"end":{"line":159,"column":44}},"loc":{"start":{"line":159,"column":50},"end":{"line":159,"column":68}},"line":159}},"branchMap":{"0":{"loc":{"start":{"line":30,"column":2},"end":{"line":32,"column":null}},"type":"if","locations":[{"start":{"line":30,"column":2},"end":{"line":32,"column":null}},{"start":{},"end":{}}],"line":30},"1":{"loc":{"start":{"line":36,"column":15},"end":{"line":39,"column":null}},"type":"binary-expr","locations":[{"start":{"line":36,"column":15},"end":{"line":36,"column":60}},{"start":{"line":36,"column":60},"end":{"line":39,"column":null}}],"line":36},"2":{"loc":{"start":{"line":111,"column":2},"end":{"line":111,"column":null}},"type":"if","locations":[{"start":{"line":111,"column":2},"end":{"line":111,"column":null}},{"start":{},"end":{}}],"line":111},"3":{"loc":{"start":{"line":130,"column":2},"end":{"line":130,"column":null}},"type":"if","locations":[{"start":{"line":130,"column":2},"end":{"line":130,"column":null}},{"start":{},"end":{}}],"line":130}},"s":{"0":1,"1":1,"2":10,"3":11,"4":11,"5":10,"6":18,"7":18,"8":12,"9":4,"10":4,"11":1,"12":1,"13":6,"14":6,"15":6,"16":6,"17":6,"18":2,"19":2,"20":2,"21":2,"22":2,"23":2,"24":2,"25":1,"26":2,"27":1,"28":1,"29":1,"30":1,"31":1,"32":0,"33":0,"34":0,"35":0,"36":0,"37":0,"38":0,"39":0,"40":0,"41":2,"42":2,"43":2,"44":1,"45":2,"46":2,"47":1,"48":1,"49":1,"50":1,"51":1,"52":0,"53":1,"54":1},"f":{"0":10,"1":11,"2":18,"3":12,"4":4,"5":1,"6":6,"7":2,"8":2,"9":1,"10":0,"11":0,"12":2,"13":1,"14":1,"15":1,"16":0},"b":{"0":[10,1],"1":[18,0],"2":[1,1],"3":[0,0]},"meta":{"lastBranch":4,"lastFunction":17,"lastStatement":55,"seen":{"s:13:14:13:Infinity":0,"s:14:17:14:Infinity":1,"f:20:22:20:50":0,"s:21:2:21:Infinity":2,"f:28:22:28:49":1,"s:29:19:29:Infinity":3,"b:30:2:32:Infinity:undefined:undefined:undefined:undefined":0,"s:30:2:32:Infinity":4,"s:31:4:31:Infinity":5,"f:35:15:35:46":2,"s:36:15:39:Infinity":6,"b:36:15:36:60:36:60:39:Infinity":1,"s:40:2:40:Infinity":7,"f:43:15:43:25":3,"s:44:2:44:Infinity":8,"f:50:22:50:50":4,"s:51:20:51:Infinity":9,"s:52:2:52:Infinity":10,"f:58:22:58:54":5,"s:59:22:59:Infinity":11,"s:60:2:60:Infinity":12,"f:69:22:69:33":6,"s:70:15:70:Infinity":13,"s:71:24:75:Infinity":14,"s:76:2:76:Infinity":15,"s:77:2:77:Infinity":16,"s:78:2:78:Infinity":17,"f:87:22:87:35":7,"s:88:15:88:Infinity":18,"s:89:28:93:Infinity":19,"s:94:2:94:Infinity":20,"s:95:2:95:Infinity":21,"s:96:2:96:Infinity":22,"f:105:22:105:Infinity":8,"s:109:20:109:Infinity":23,"s:110:14:110:Infinity":24,"f:110:40:110:41":9,"s:110:47:110:58":25,"b:111:2:111:Infinity:undefined:undefined:undefined:undefined":2,"s:111:2:111:Infinity":26,"s:111:18:111:Infinity":27,"s:112:18:112:Infinity":28,"s:113:2:113:Infinity":29,"s:114:2:114:Infinity":30,"s:115:2:115:Infinity":31,"f:124:22:124:Infinity":10,"s:128:20:128:Infinity":32,"s:129:14:129:Infinity":33,"f:129:42:129:43":11,"s:129:49:129:60":34,"b:130:2:130:Infinity:undefined:undefined:undefined:undefined":3,"s:130:2:130:Infinity":35,"s:130:18:130:Infinity":36,"s:131:18:131:Infinity":37,"s:132:2:132:Infinity":38,"s:133:2:133:Infinity":39,"s:134:2:134:Infinity":40,"f:142:22:142:33":12,"s:143:20:143:Infinity":41,"s:144:19:144:Infinity":42,"s:145:2:145:Infinity":43,"f:145:43:145:44":13,"s:145:50:145:61":44,"s:146:2:146:Infinity":45,"s:147:2:147:Infinity":46,"f:155:22:155:35":14,"s:156:20:156:Infinity":47,"s:157:19:157:Infinity":48,"s:158:2:158:Infinity":49,"f:158:47:158:48":15,"s:158:54:158:65":50,"s:159:2:159:Infinity":51,"f:159:43:159:44":16,"s:159:50:159:68":52,"s:160:2:160:Infinity":53,"s:161:2:161:Infinity":54}}}
}
